2015-11-16 12:54:40.222 [main] INFO  com.test.Application -
				Starting Application on AsishS with PID 6708 (D:\Projects\ECommerseTemplate\template-web\bin started by AsishS in D:\Projects\ECommerseTemplate\template-web)
2015-11-16 12:54:46.055 [main] INFO  com.test.Application -
				Started Application in 5.974 seconds (JVM running for 6.672)
2015-11-16 14:28:19.504 [main] INFO  com.test.Application -
				Starting Application on AsishS with PID 10208 (D:\Projects\ECommerseTemplate\template-web\bin started by AsishS in D:\Projects\ECommerseTemplate\template-web)
2015-11-16 14:28:39.377 [main] INFO  com.test.Application -
				Started Application in 20.039 seconds (JVM running for 22.815)
2015-11-16 14:34:50.545 [main] INFO  com.test.Application -
				Starting Application on AsishS with PID 6912 (D:\Projects\ECommerseTemplate\template-web\bin started by AsishS in D:\Projects\ECommerseTemplate\template-web)
2015-11-16 14:35:17.211 [main] INFO  com.test.Application -
				Started Application in 26.836 seconds (JVM running for 29.03)
2015-11-16 14:37:08.163 [main] INFO  com.test.Application -
				Starting Application on AsishS with PID 9568 (D:\Projects\ECommerseTemplate\template-web\bin started by AsishS in D:\Projects\ECommerseTemplate\template-web)
2015-11-16 14:37:14.650 [main] INFO  com.test.Application -
				Started Application in 6.642 seconds (JVM running for 7.375)
2015-11-16 15:10:19.423 [main] INFO  com.test.Application -
				Starting Application on AsishS with PID 9380 (D:\Projects\ECommerseTemplate\template-web\bin started by AsishS in D:\Projects\ECommerseTemplate\template-web)
2015-11-16 15:12:52.190 [main] INFO  com.test.Application -
				Starting Application on AsishS with PID 9328 (D:\Projects\ECommerseTemplate\template-web\bin started by AsishS in D:\Projects\ECommerseTemplate\template-web)
2015-11-16 15:13:31.152 [main] INFO  com.test.Application -
				Starting Application on AsishS with PID 1936 (D:\Projects\ECommerseTemplate\template-web\bin started by AsishS in D:\Projects\ECommerseTemplate\template-web)
2015-11-16 15:30:52.901 [main] INFO  com.test.Application -
				Starting Application on AsishS with PID 4864 (D:\Projects\ECommerseTemplate\template-web\bin started by AsishS in D:\Projects\ECommerseTemplate\template-web)
2015-11-16 15:38:14.201 [main] INFO  com.test.Application -
				Starting Application on AsishS with PID 6016 (D:\Projects\ECommerseTemplate\template-web\bin started by AsishS in D:\Projects\ECommerseTemplate\template-web)
2015-11-16 15:40:05.016 [main] INFO  com.test.Application -
				Starting Application on AsishS with PID 5628 (D:\Projects\ECommerseTemplate\template-web\bin started by AsishS in D:\Projects\ECommerseTemplate\template-web)
2015-11-16 15:44:01.062 [main] INFO  com.test.Application -
				Starting Application on AsishS with PID 6772 (D:\Projects\ECommerseTemplate\template-web\bin started by AsishS in D:\Projects\ECommerseTemplate\template-web)
2015-11-16 15:44:44.499 [main] INFO  com.test.Application -
				Starting Application on AsishS with PID 7548 (D:\Projects\ECommerseTemplate\template-web\bin started by AsishS in D:\Projects\ECommerseTemplate\template-web)
2015-11-16 15:45:11.349 [main] INFO  com.test.Application -
				Starting Application on AsishS with PID 9264 (D:\Projects\ECommerseTemplate\template-web\bin started by AsishS in D:\Projects\ECommerseTemplate\template-web)
2015-11-16 15:47:14.860 [main] INFO  com.test.Application -
				Starting Application on AsishS with PID 8172 (D:\Projects\ECommerseTemplate\template-web\bin started by AsishS in D:\Projects\ECommerseTemplate\template-web)
2015-11-16 15:47:20.480 [main] INFO  com.test.Application -
				Started Application in 5.774 seconds (JVM running for 6.446)
2015-11-16 15:48:29.614 [main] INFO  com.test.Application -
				Starting Application on AsishS with PID 10192 (D:\Projects\ECommerseTemplate\template-web\bin started by AsishS in D:\Projects\ECommerseTemplate\template-web)
2015-11-16 15:48:48.062 [main] INFO  com.test.Application -
				Starting Application on AsishS with PID 10096 (D:\Projects\ECommerseTemplate\template-web\bin started by AsishS in D:\Projects\ECommerseTemplate\template-web)
2015-11-16 15:49:05.968 [main] INFO  com.test.Application -
				Starting Application on AsishS with PID 9000 (D:\Projects\ECommerseTemplate\template-web\bin started by AsishS in D:\Projects\ECommerseTemplate\template-web)
2015-11-16 15:49:19.515 [main] INFO  com.test.Application -
				Starting Application on AsishS with PID 7296 (D:\Projects\ECommerseTemplate\template-web\bin started by AsishS in D:\Projects\ECommerseTemplate\template-web)
2015-11-16 15:49:26.988 [main] INFO  com.test.Application -
				Started Application in 7.65 seconds (JVM running for 8.316)
2015-11-16 15:55:49.187 [main] INFO  com.test.Application -
				Starting Application on AsishS with PID 7748 (D:\Projects\ECommerseTemplate\template-web\bin started by AsishS in D:\Projects\ECommerseTemplate\template-web)
2015-11-16 15:55:54.469 [main] INFO  com.test.Application -
				Started Application in 5.441 seconds (JVM running for 6.18)
2015-11-16 15:57:03.856 [main] INFO  com.test.Application -
				Starting Application on AsishS with PID 10020 (D:\Projects\ECommerseTemplate\template-web\bin started by AsishS in D:\Projects\ECommerseTemplate\template-web)
2015-11-16 15:57:09.223 [main] INFO  com.test.Application -
				Started Application in 5.506 seconds (JVM running for 6.208)
2015-11-16 16:00:40.109 [main] INFO  com.test.Application -
				Starting Application on AsishS with PID 8680 (D:\Projects\ECommerseTemplate\template-web\bin started by AsishS in D:\Projects\ECommerseTemplate\template-web)
2015-11-16 16:00:45.553 [main] INFO  com.test.Application -
				Started Application in 5.602 seconds (JVM running for 6.297)
2015-11-16 16:01:12.234 [main] INFO  com.test.Application -
				Starting Application on AsishS with PID 8236 (D:\Projects\ECommerseTemplate\template-web\bin started by AsishS in D:\Projects\ECommerseTemplate\template-web)
2015-11-16 16:01:17.961 [main] INFO  com.test.Application -
				Started Application in 5.864 seconds (JVM running for 6.562)
2015-11-16 18:18:14.488 [main] INFO  com.test.Application -
				Starting Application on AsishS with PID 6648 (D:\Projects\ECommerseTemplate\template-web\bin started by AsishS in D:\Projects\ECommerseTemplate\template-web)
2015-11-16 18:20:30.694 [main] INFO  com.test.Application -
				Starting Application on AsishS with PID 5708 (D:\Projects\ECommerseTemplate\template-web\bin started by AsishS in D:\Projects\ECommerseTemplate\template-web)
2015-11-16 18:21:19.220 [main] INFO  com.test.Application -
				Starting Application on AsishS with PID 8968 (D:\Projects\ECommerseTemplate\template-web\bin started by AsishS in D:\Projects\ECommerseTemplate\template-web)
2015-11-16 18:21:29.059 [main] INFO  com.test.Application -
				Started Application in 9.998 seconds (JVM running for 10.842)
2015-11-16 18:36:31.467 [main] INFO  c.t.B.Utils.GenerateCryptoKey -
				Starting GenerateCryptoKey on AsishS with PID 9432 (D:\Projects\ECommerseTemplate\template-web\bin started by AsishS in D:\Projects\ECommerseTemplate\template-web)
2015-11-16 18:36:42.953 [main] INFO  c.t.B.Utils.GenerateCryptoKey -
				Starting GenerateCryptoKey on AsishS with PID 10124 (D:\Projects\ECommerseTemplate\template-web\bin started by AsishS in D:\Projects\ECommerseTemplate\template-web)
2015-11-16 18:37:26.066 [main] INFO  c.t.B.Utils.GenerateCryptoKey -
				Starting GenerateCryptoKey on AsishS with PID 8564 (D:\Projects\ECommerseTemplate\template-web\bin started by AsishS in D:\Projects\ECommerseTemplate\template-web)
2015-11-16 18:38:44.504 [main] INFO  c.t.B.Utils.GenerateCryptoKey -
				Starting GenerateCryptoKey on AsishS with PID 9920 (D:\Projects\ECommerseTemplate\template-web\bin started by AsishS in D:\Projects\ECommerseTemplate\template-web)
2015-11-16 18:38:59.985 [main] INFO  c.t.B.Utils.GenerateCryptoKey -
				Starting GenerateCryptoKey on AsishS with PID 8512 (D:\Projects\ECommerseTemplate\template-web\bin started by AsishS in D:\Projects\ECommerseTemplate\template-web)
