2015-10-29 11:13:29.536 [main] INFO  com.test.Application -
				Starting Application on AsishS with PID 10644 (D:\Projects\ECommerseTemplate\template-web\bin started by AsishS in D:\Projects\ECommerseTemplate\template-web)
2015-10-29 11:58:53.798 [main] INFO  com.test.Application -
				Starting Application on AsishS with PID 5020 (D:\Projects\ECommerseTemplate\template-web\bin started by AsishS in D:\Projects\ECommerseTemplate\template-web)
2015-10-29 11:58:59.801 [main] INFO  com.test.Application -
				Started Application in 6.169 seconds (JVM running for 6.875)
2015-10-29 12:01:08.024 [main] INFO  com.test.Application -
				Starting Application on AsishS with PID 9328 (D:\Projects\ECommerseTemplate\template-web\bin started by AsishS in D:\Projects\ECommerseTemplate\template-web)
2015-10-29 12:01:16.118 [main] INFO  com.test.Application -
				Started Application in 8.247 seconds (JVM running for 18.603)
2015-10-29 12:01:51.806 [main] INFO  com.test.Application -
				Starting Application on AsishS with PID 11768 (D:\Projects\ECommerseTemplate\template-web\bin started by AsishS in D:\Projects\ECommerseTemplate\template-web)
2015-10-29 12:01:57.632 [main] INFO  com.test.Application -
				Started Application in 5.966 seconds (JVM running for 6.646)
2015-10-29 12:07:00.575 [main] INFO  com.test.Application -
				Starting Application on AsishS with PID 9572 (D:\Projects\ECommerseTemplate\template-web\bin started by AsishS in D:\Projects\ECommerseTemplate\template-web)
2015-10-29 12:07:06.240 [main] INFO  com.test.Application -
				Started Application in 5.807 seconds (JVM running for 6.473)
2015-10-29 12:09:23.925 [main] INFO  com.test.Application -
				Starting Application on AsishS with PID 11984 (D:\Projects\ECommerseTemplate\template-web\bin started by AsishS in D:\Projects\ECommerseTemplate\template-web)
2015-10-29 12:09:31.073 [main] INFO  com.test.Application -
				Started Application in 7.325 seconds (JVM running for 8.184)
2015-10-29 12:12:21.308 [main] INFO  com.test.Application -
				Starting Application on AsishS with PID 10012 (D:\Projects\ECommerseTemplate\template-web\bin started by AsishS in D:\Projects\ECommerseTemplate\template-web)
2015-10-29 12:12:28.720 [main] INFO  com.test.Application -
				Started Application in 7.578 seconds (JVM running for 8.284)
2015-10-29 12:22:04.845 [main] INFO  com.test.Application -
				Starting Application on AsishS with PID 8740 (D:\Projects\ECommerseTemplate\template-web\bin started by AsishS in D:\Projects\ECommerseTemplate\template-web)
2015-10-29 12:22:10.871 [main] INFO  com.test.Application -
				Started Application in 6.192 seconds (JVM running for 6.761)
2015-10-29 12:41:00.412 [main] INFO  com.test.Application -
				Starting Application on AsishS with PID 3304 (D:\Projects\ECommerseTemplate\template-web\bin started by AsishS in D:\Projects\ECommerseTemplate\template-web)
2015-10-29 12:41:06.312 [main] INFO  com.test.Application -
				Started Application in 6.061 seconds (JVM running for 6.802)
2015-10-29 12:55:51.642 [main] INFO  com.test.Application -
				Starting Application on AsishS with PID 9888 (D:\Projects\ECommerseTemplate\template-web\bin started by AsishS in D:\Projects\ECommerseTemplate\template-web)
2015-10-29 12:55:57.420 [main] INFO  com.test.Application -
				Started Application in 5.942 seconds (JVM running for 6.67)
2015-10-29 13:25:16.470 [main] INFO  com.test.Application -
				Starting Application on AsishS with PID 8884 (D:\Projects\ECommerseTemplate\template-web\bin started by AsishS in D:\Projects\ECommerseTemplate\template-web)
2015-10-29 13:25:38.251 [main] INFO  com.test.Application -
				Started Application in 22.103 seconds (JVM running for 35.97)
2015-10-29 13:27:06.191 [main] INFO  com.test.Application -
				Starting Application on AsishS with PID 10056 (D:\Projects\ECommerseTemplate\template-web\bin started by AsishS in D:\Projects\ECommerseTemplate\template-web)
2015-10-29 13:27:14.506 [main] INFO  com.test.Application -
				Started Application in 8.495 seconds (JVM running for 9.464)
2015-10-29 13:41:30.657 [main] INFO  com.test.Application -
				Starting Application on AsishS with PID 11892 (D:\Projects\ECommerseTemplate\template-web\bin started by AsishS in D:\Projects\ECommerseTemplate\template-web)
2015-10-29 13:41:49.726 [main] INFO  com.test.Application -
				Started Application in 19.262 seconds (JVM running for 21.949)
2015-10-29 13:43:35.844 [main] INFO  com.test.Application -
				Starting Application on AsishS with PID 5652 (D:\Projects\ECommerseTemplate\template-web\bin started by AsishS in D:\Projects\ECommerseTemplate\template-web)
2015-10-29 13:43:42.384 [main] INFO  com.test.Application -
				Started Application in 6.69 seconds (JVM running for 7.399)
2015-10-29 13:47:00.353 [main] INFO  com.test.Application -
				Starting Application on AsishS with PID 8876 (D:\Projects\ECommerseTemplate\template-web\bin started by AsishS in D:\Projects\ECommerseTemplate\template-web)
2015-10-29 13:47:07.142 [main] INFO  com.test.Application -
				Started Application in 6.941 seconds (JVM running for 7.683)
2015-10-29 13:47:26.497 [main] INFO  com.test.Application -
				Starting Application on AsishS with PID 11764 (D:\Projects\ECommerseTemplate\template-web\bin started by AsishS in D:\Projects\ECommerseTemplate\template-web)
2015-10-29 13:47:33.180 [main] INFO  com.test.Application -
				Started Application in 6.843 seconds (JVM running for 7.619)
2015-10-29 13:54:11.951 [main] INFO  com.test.Application -
				Starting Application on AsishS with PID 10948 (D:\Projects\ECommerseTemplate\template-web\bin started by AsishS in D:\Projects\ECommerseTemplate\template-web)
2015-10-29 13:54:31.221 [main] INFO  com.test.Application -
				Started Application in 19.453 seconds (JVM running for 20.364)
2015-10-29 14:04:17.593 [main] INFO  com.test.Application -
				Starting Application on AsishS with PID 11908 (D:\Projects\ECommerseTemplate\template-web\bin started by AsishS in D:\Projects\ECommerseTemplate\template-web)
2015-10-29 14:04:29.381 [main] INFO  com.test.Application -
				Started Application in 11.938 seconds (JVM running for 13.1)
2015-10-29 14:08:54.087 [main] INFO  com.test.Application -
				Starting Application on AsishS with PID 7052 (D:\Projects\ECommerseTemplate\template-web\bin started by AsishS in D:\Projects\ECommerseTemplate\template-web)
2015-10-29 14:09:06.847 [main] INFO  com.test.Application -
				Started Application in 12.9 seconds (JVM running for 13.83)
2015-10-29 14:10:20.070 [main] INFO  com.test.Application -
				Starting Application on AsishS with PID 10172 (D:\Projects\ECommerseTemplate\template-web\bin started by AsishS in D:\Projects\ECommerseTemplate\template-web)
2015-10-29 14:10:26.606 [main] INFO  com.test.Application -
				Started Application in 6.686 seconds (JVM running for 7.458)
2015-10-29 14:14:14.869 [main] INFO  com.test.Application -
				Starting Application on AsishS with PID 9624 (D:\Projects\ECommerseTemplate\template-web\bin started by AsishS in D:\Projects\ECommerseTemplate\template-web)
2015-10-29 14:14:21.677 [main] INFO  com.test.Application -
				Started Application in 6.962 seconds (JVM running for 7.75)
2015-10-29 14:15:59.976 [main] INFO  com.test.Application -
				Starting Application on AsishS with PID 10720 (D:\Projects\ECommerseTemplate\template-web\bin started by AsishS in D:\Projects\ECommerseTemplate\template-web)
2015-10-29 14:16:06.785 [main] INFO  com.test.Application -
				Started Application in 6.968 seconds (JVM running for 7.773)
2015-10-29 14:20:55.834 [main] INFO  com.test.Application -
				Starting Application on AsishS with PID 11220 (D:\Projects\ECommerseTemplate\template-web\bin started by AsishS in D:\Projects\ECommerseTemplate\template-web)
2015-10-29 14:21:03.412 [main] INFO  com.test.Application -
				Started Application in 7.728 seconds (JVM running for 8.519)
2015-10-29 14:24:08.159 [main] INFO  com.test.Application -
				Starting Application on AsishS with PID 9032 (D:\Projects\ECommerseTemplate\template-web\bin started by AsishS in D:\Projects\ECommerseTemplate\template-web)
2015-10-29 14:24:13.790 [main] INFO  com.test.Application -
				Started Application in 5.77 seconds (JVM running for 6.479)
2015-10-29 14:25:05.694 [main] INFO  com.test.Application -
				Starting Application on AsishS with PID 10980 (D:\Projects\ECommerseTemplate\template-web\bin started by AsishS in D:\Projects\ECommerseTemplate\template-web)
2015-10-29 14:25:11.395 [main] INFO  com.test.Application -
				Started Application in 5.855 seconds (JVM running for 6.568)
2015-10-29 14:25:34.635 [main] INFO  com.test.Application -
				Starting Application on AsishS with PID 9552 (D:\Projects\ECommerseTemplate\template-web\bin started by AsishS in D:\Projects\ECommerseTemplate\template-web)
2015-10-29 14:25:42.032 [main] INFO  com.test.Application -
				Started Application in 7.556 seconds (JVM running for 8.531)
2015-10-29 14:40:05.141 [main] INFO  com.test.Application -
				Starting Application on AsishS with PID 12144 (D:\Projects\ECommerseTemplate\template-web\bin started by AsishS in D:\Projects\ECommerseTemplate\template-web)
2015-10-29 14:40:11.169 [main] INFO  com.test.Application -
				Started Application in 6.168 seconds (JVM running for 6.853)
2015-10-29 14:43:22.613 [main] INFO  com.test.Application -
				Starting Application on AsishS with PID 10840 (D:\Projects\ECommerseTemplate\template-web\bin started by AsishS in D:\Projects\ECommerseTemplate\template-web)
2015-10-29 14:43:28.262 [main] INFO  com.test.Application -
				Started Application in 5.778 seconds (JVM running for 6.479)
2015-10-29 14:46:59.256 [main] INFO  com.test.Application -
				Starting Application on AsishS with PID 10668 (D:\Projects\ECommerseTemplate\template-web\bin started by AsishS in D:\Projects\ECommerseTemplate\template-web)
2015-10-29 14:47:05.124 [main] INFO  com.test.Application -
				Started Application in 6.02 seconds (JVM running for 6.712)
2015-10-29 14:53:51.164 [main] INFO  com.test.Application -
				Starting Application on AsishS with PID 6016 (D:\Projects\ECommerseTemplate\template-web\bin started by AsishS in D:\Projects\ECommerseTemplate\template-web)
2015-10-29 14:53:57.055 [main] INFO  com.test.Application -
				Started Application in 6.036 seconds (JVM running for 6.794)
2015-10-29 15:00:02.725 [main] INFO  com.test.Application -
				Starting Application on AsishS with PID 3044 (D:\Projects\ECommerseTemplate\template-web\bin started by AsishS in D:\Projects\ECommerseTemplate\template-web)
2015-10-29 15:00:08.505 [main] INFO  com.test.Application -
				Started Application in 5.918 seconds (JVM running for 6.633)
2015-10-29 15:11:41.839 [main] INFO  com.test.Application -
				Starting Application on AsishS with PID 12276 (D:\Projects\ECommerseTemplate\template-web\bin started by AsishS in D:\Projects\ECommerseTemplate\template-web)
2015-10-29 15:11:47.634 [main] INFO  com.test.Application -
				Started Application in 5.931 seconds (JVM running for 6.671)
2015-10-29 15:13:42.176 [main] INFO  com.test.Application -
				Starting Application on AsishS with PID 10432 (D:\Projects\ECommerseTemplate\template-web\bin started by AsishS in D:\Projects\ECommerseTemplate\template-web)
2015-10-29 15:13:48.021 [main] INFO  com.test.Application -
				Started Application in 5.974 seconds (JVM running for 6.727)
2015-10-29 15:14:54.087 [main] INFO  com.test.Application -
				Starting Application on AsishS with PID 10536 (D:\Projects\ECommerseTemplate\template-web\bin started by AsishS in D:\Projects\ECommerseTemplate\template-web)
2015-10-29 15:14:59.801 [main] INFO  com.test.Application -
				Started Application in 5.854 seconds (JVM running for 6.564)
2015-10-29 15:17:03.947 [main] INFO  com.test.Application -
				Starting Application on AsishS with PID 3788 (D:\Projects\ECommerseTemplate\template-web\bin started by AsishS in D:\Projects\ECommerseTemplate\template-web)
2015-10-29 15:17:09.647 [main] INFO  com.test.Application -
				Started Application in 5.849 seconds (JVM running for 6.531)
2015-10-29 15:28:15.757 [main] INFO  com.test.Application -
				Starting Application on AsishS with PID 4716 (D:\Projects\ECommerseTemplate\template-web\bin started by AsishS in D:\Projects\ECommerseTemplate\template-web)
2015-10-29 15:28:21.658 [main] INFO  com.test.Application -
				Started Application in 6.041 seconds (JVM running for 6.778)
2015-10-29 15:30:37.142 [main] INFO  com.test.Application -
				Starting Application on AsishS with PID 11240 (D:\Projects\ECommerseTemplate\template-web\bin started by AsishS in D:\Projects\ECommerseTemplate\template-web)
2015-10-29 15:30:42.789 [main] INFO  com.test.Application -
				Started Application in 5.794 seconds (JVM running for 6.488)
2015-10-29 15:31:45.596 [main] INFO  com.test.Application -
				Starting Application on AsishS with PID 10924 (D:\Projects\ECommerseTemplate\template-web\bin started by AsishS in D:\Projects\ECommerseTemplate\template-web)
2015-10-29 15:31:51.468 [main] INFO  com.test.Application -
				Started Application in 6.012 seconds (JVM running for 6.68)
2015-10-29 15:45:17.972 [main] INFO  com.test.Application -
				Starting Application on AsishS with PID 8260 (D:\Projects\ECommerseTemplate\template-web\bin started by AsishS in D:\Projects\ECommerseTemplate\template-web)
2015-10-29 15:45:23.846 [main] INFO  com.test.Application -
				Started Application in 6.01 seconds (JVM running for 6.715)
2015-10-29 15:46:11.061 [main] INFO  com.test.Application -
				Starting Application on AsishS with PID 8360 (D:\Projects\ECommerseTemplate\template-web\bin started by AsishS in D:\Projects\ECommerseTemplate\template-web)
2015-10-29 15:46:16.748 [main] INFO  com.test.Application -
				Started Application in 5.822 seconds (JVM running for 6.518)
2015-10-29 16:03:52.208 [main] INFO  com.test.Application -
				Starting Application on AsishS with PID 5408 (D:\Projects\ECommerseTemplate\template-web\bin started by AsishS in D:\Projects\ECommerseTemplate\template-web)
2015-10-29 16:04:55.517 [main] INFO  com.test.Application -
				Starting Application on AsishS with PID 8348 (D:\Projects\ECommerseTemplate\template-web\bin started by AsishS in D:\Projects\ECommerseTemplate\template-web)
2015-10-29 16:05:01.350 [main] INFO  com.test.Application -
				Started Application in 5.976 seconds (JVM running for 6.666)
2015-10-29 16:05:20.882 [main] INFO  com.test.Application -
				Starting Application on AsishS with PID 11920 (D:\Projects\ECommerseTemplate\template-web\bin started by AsishS in D:\Projects\ECommerseTemplate\template-web)
2015-10-29 16:05:26.752 [main] INFO  com.test.Application -
				Started Application in 6.004 seconds (JVM running for 6.669)
2015-10-29 16:53:10.953 [main] INFO  com.test.Application -
				Starting Application on AsishS with PID 11328 (D:\Projects\ECommerseTemplate\template-web\bin started by AsishS in D:\Projects\ECommerseTemplate\template-web)
2015-10-29 16:53:17.092 [main] INFO  com.test.Application -
				Started Application in 6.307 seconds (JVM running for 7.04)
2015-10-29 17:23:03.144 [main] INFO  com.test.Application -
				Starting Application on AsishS with PID 8900 (D:\Projects\ECommerseTemplate\template-web\bin started by AsishS in D:\Projects\ECommerseTemplate\template-web)
2015-10-29 17:23:09.077 [main] INFO  com.test.Application -
				Started Application in 6.091 seconds (JVM running for 6.804)
2015-10-29 17:23:38.799 [main] INFO  com.test.Application -
				Starting Application on AsishS with PID 13088 (D:\Projects\ECommerseTemplate\template-web\bin started by AsishS in D:\Projects\ECommerseTemplate\template-web)
2015-10-29 17:23:44.606 [main] INFO  com.test.Application -
				Started Application in 5.946 seconds (JVM running for 6.658)
2015-10-29 17:31:20.673 [main] INFO  com.test.Application -
				Starting Application on AsishS with PID 6664 (D:\Projects\ECommerseTemplate\template-web\bin started by AsishS in D:\Projects\ECommerseTemplate\template-web)
2015-10-29 17:31:26.732 [main] INFO  com.test.Application -
				Started Application in 6.21 seconds (JVM running for 6.965)
2015-10-29 17:32:45.585 [main] INFO  com.test.Application -
				Starting Application on AsishS with PID 8564 (D:\Projects\ECommerseTemplate\template-web\bin started by AsishS in D:\Projects\ECommerseTemplate\template-web)
2015-10-29 17:32:51.301 [main] INFO  com.test.Application -
				Started Application in 5.857 seconds (JVM running for 6.545)
2015-10-29 17:33:13.358 [main] INFO  com.test.Application -
				Starting Application on AsishS with PID 12696 (D:\Projects\ECommerseTemplate\template-web\bin started by AsishS in D:\Projects\ECommerseTemplate\template-web)
2015-10-29 17:33:19.350 [main] INFO  com.test.Application -
				Started Application in 6.157 seconds (JVM running for 6.895)
2015-10-29 18:29:00.758 [main] INFO  com.test.Application -
				Starting Application on AsishS with PID 12520 (D:\Projects\ECommerseTemplate\template-web\bin started by AsishS in D:\Projects\ECommerseTemplate\template-web)
2015-10-29 18:29:06.577 [main] INFO  com.test.Application -
				Started Application in 5.965 seconds (JVM running for 6.677)
2015-10-29 19:11:45.815 [http-nio-8080-exec-2] INFO  c.t.config.loging.RequestInterceptor -
				anonymousUser [948E7FB09D42246369F5F798EF118A54] [GET] [/] [0ms] [OK]
